2024-07-28 00:55:51,158 - AlertAvailableSessions - INFO - Web Driver was started
2024-07-28 00:55:51,159 - AlertAvailableSessions - INFO - AlertAvailableSessions bot started
2024-07-28 00:55:59,885 - AlertAvailableSessions - INFO - Login Successfully
2024-07-28 00:56:01,009 - AlertAvailableSessions - INFO - Seans Secim Buton was Clicked
2024-07-28 00:56:03,072 - AlertAvailableSessions - INFO - Pop-up was closed
2024-07-28 00:56:05,086 - AlertAvailableSessions - INFO - Get Sessions Info
2024-07-28 00:56:07,356 - AlertAvailableSessions - INFO - Available Sessions: []
2024-07-28 00:56:07,357 - AlertAvailableSessions - WARNING - The new content is the same as the existing content. No file updates and e-mails did not sent.
2024-07-28 00:56:07,358 - AlertAvailableSessions - INFO - Sent Sessions List was cleared
2024-07-28 01:51:43,555 - AlertAvailableSessions - INFO - Web Driver was started
2024-07-28 01:51:43,555 - AlertAvailableSessions - INFO - AlertAvailableSessions bot started
2024-07-28 01:51:50,467 - AlertAvailableSessions - INFO - Login Successfully
2024-07-28 01:51:51,547 - AlertAvailableSessions - INFO - Seans Secim Buton was Clicked
2024-07-28 01:51:53,614 - AlertAvailableSessions - INFO - Pop-up was closed
2024-07-28 01:51:55,633 - AlertAvailableSessions - INFO - Get Sessions Info
2024-07-28 01:51:57,911 - AlertAvailableSessions - INFO - Available Sessions: []
2024-07-28 01:51:57,911 - AlertAvailableSessions - WARNING - The new content is the same as the existing content. No file updates and e-mails did not sent.
2024-07-28 01:51:57,911 - AlertAvailableSessions - INFO - Sent Sessions List was cleared
2024-07-28 02:11:40,045 - AlertAvailableSessions - INFO - Web Driver was started
2024-07-28 02:11:40,046 - AlertAvailableSessions - INFO - AlertAvailableSessions bot started
2024-07-28 02:11:46,499 - AlertAvailableSessions - INFO - Login Successfully
2024-07-28 02:11:46,872 - AlertAvailableSessions - INFO - Seans Secim Buton was Clicked
2024-07-28 02:11:48,934 - AlertAvailableSessions - INFO - Pop-up was closed
2024-07-28 02:11:50,949 - AlertAvailableSessions - INFO - Get Sessions Info
2024-07-28 02:11:53,100 - AlertAvailableSessions - INFO - Available Sessions: []
2024-07-28 02:11:53,100 - AlertAvailableSessions - WARNING - The new content is the same as the existing content. No file updates and e-mails did not sent.
2024-07-28 02:11:53,100 - AlertAvailableSessions - INFO - Sent Sessions List was cleared
2024-07-28 02:26:32,706 - AlertAvailableSessions - INFO - Web Driver was started
2024-07-28 02:26:32,707 - AlertAvailableSessions - INFO - AlertAvailableSessions bot started
2024-07-28 02:26:39,092 - AlertAvailableSessions - INFO - Login Successfully
2024-07-28 02:26:39,466 - AlertAvailableSessions - INFO - Seans Secim Buton was Clicked
2024-07-28 02:26:41,525 - AlertAvailableSessions - INFO - Pop-up was closed
2024-07-28 02:26:43,537 - AlertAvailableSessions - INFO - Get Sessions Info
2024-07-28 02:26:47,322 - AlertAvailableSessions - INFO - Available Sessions: []
2024-07-28 02:26:47,322 - AlertAvailableSessions - WARNING - The new content is the same as the existing content. No file updates and e-mails did not sent.
2024-07-28 02:26:47,322 - AlertAvailableSessions - INFO - Sent Sessions List was cleared
2024-07-28 02:36:58,710 - AlertAvailableSessions - INFO - Login Successfully
2024-07-28 02:36:59,812 - AlertAvailableSessions - INFO - Seans Secim Buton was Clicked
2024-07-28 02:37:01,883 - AlertAvailableSessions - INFO - Pop-up was closed
2024-07-28 02:37:03,907 - AlertAvailableSessions - INFO - Get Sessions Info
2024-07-28 02:37:07,751 - AlertAvailableSessions - INFO - Available Sessions: []
2024-07-28 02:37:07,751 - AlertAvailableSessions - WARNING - The new content is the same as the existing content. No file updates and e-mails did not sent.
2024-07-28 02:37:07,751 - AlertAvailableSessions - INFO - Sent Sessions List was cleared
2024-07-28 15:26:47,258 - AlertAvailableSessions - INFO - Web Driver was started
2024-07-28 15:26:47,259 - AlertAvailableSessions - INFO - AlertAvailableSessions bot started
2024-07-28 15:26:55,567 - AlertAvailableSessions - INFO - Login Successfully
2024-07-28 15:26:56,055 - AlertAvailableSessions - INFO - Seans Secim Buton was Clicked
2024-07-28 15:26:58,294 - AlertAvailableSessions - INFO - Pop-up was closed
2024-07-28 15:27:00,308 - AlertAvailableSessions - INFO - Get Sessions Info
2024-07-28 15:27:05,168 - AlertAvailableSessions - INFO - Available Sessions: ['\nPazar\n28.07.2024\nHAVUZ\n59 60\nYer Var\n18:30 - 19:30\nErkek\n', '***************']
2024-07-28 15:27:05,169 - AlertAvailableSessions - INFO - Sent Sessions List was cleared
2024-07-28 15:27:10,761 - AlertAvailableSessions - INFO - Email sent successfully to gogsub58365@gmail.com
2024-07-28 15:28:15,070 - AlertAvailableSessions - INFO - Web Driver was started
2024-07-28 15:28:15,071 - AlertAvailableSessions - INFO - AlertAvailableSessions bot started
2024-07-28 15:28:21,384 - AlertAvailableSessions - INFO - Login Successfully
2024-07-28 15:28:21,859 - AlertAvailableSessions - INFO - Seans Secim Buton was Clicked
2024-07-28 15:28:24,094 - AlertAvailableSessions - INFO - Pop-up was closed
2024-07-28 15:28:26,109 - AlertAvailableSessions - INFO - Get Sessions Info
2024-07-28 15:28:30,856 - AlertAvailableSessions - INFO - Available Sessions: ['\nPazar\n28.07.2024\nHAVUZ\n59 60\nYer Var\n18:30 - 19:30\nErkek\n', '***************']
2024-07-28 15:28:30,856 - AlertAvailableSessions - WARNING - The new content is the same as the existing content. No file updates and e-mails did not sent.
2024-07-28 15:28:30,856 - AlertAvailableSessions - INFO - Sent Sessions List was cleared
2024-07-28 15:28:56,093 - AlertAvailableSessions - INFO - Login Successfully
2024-07-28 15:28:56,569 - AlertAvailableSessions - INFO - Seans Secim Buton was Clicked
2024-07-28 15:28:58,813 - AlertAvailableSessions - INFO - Pop-up was closed
2024-07-28 15:29:00,833 - AlertAvailableSessions - INFO - Get Sessions Info
2024-07-28 15:29:05,597 - AlertAvailableSessions - INFO - Available Sessions: []
2024-07-28 15:29:05,598 - AlertAvailableSessions - INFO - Sent Sessions List was cleared
2024-07-28 15:29:09,686 - AlertAvailableSessions - WARNING - No sessions available, no email will be sent.
2024-07-28 15:29:31,266 - AlertAvailableSessions - INFO - Login Successfully
2024-07-28 15:29:31,791 - AlertAvailableSessions - INFO - Seans Secim Buton was Clicked
2024-07-28 15:29:34,028 - AlertAvailableSessions - INFO - Pop-up was closed
2024-07-28 15:33:27,327 - AlertAvailableSessions - INFO - Web Driver was started
2024-07-28 15:33:27,328 - AlertAvailableSessions - INFO - AlertAvailableSessions bot started
2024-07-28 15:33:38,653 - AlertAvailableSessions - INFO - Login Successfully
2024-07-28 15:33:49,700 - AlertAvailableSessions - ERROR - Seans Secim Buton was NOT Clicked: Message: 
Stacktrace:
RemoteError@chrome://remote/content/shared/RemoteError.sys.mjs:8:8
WebDriverError@chrome://remote/content/shared/webdriver/Errors.sys.mjs:193:5
NoSuchElementError@chrome://remote/content/shared/webdriver/Errors.sys.mjs:511:5
dom.find/</<@chrome://remote/content/shared/DOM.sys.mjs:136:16

2024-07-28 15:34:18,749 - AlertAvailableSessions - INFO - Login Successfully
2024-07-28 15:34:19,279 - AlertAvailableSessions - INFO - Seans Secim Buton was Clicked
2024-07-28 15:34:21,513 - AlertAvailableSessions - INFO - Pop-up was closed
2024-07-28 15:34:23,529 - AlertAvailableSessions - INFO - Get Sessions Info
2024-07-28 15:34:26,411 - AlertAvailableSessions - INFO - Available Sessions: []
2024-07-28 15:34:26,411 - AlertAvailableSessions - WARNING - The new content is the same as the existing content. No file updates and e-mails did not sent.
2024-07-28 15:34:26,411 - AlertAvailableSessions - INFO - Sent Sessions List was cleared
2024-07-28 15:34:52,500 - AlertAvailableSessions - INFO - Login Successfully
2024-07-28 15:34:52,995 - AlertAvailableSessions - INFO - Seans Secim Buton was Clicked
2024-07-28 15:34:55,223 - AlertAvailableSessions - INFO - Pop-up was closed
2024-07-28 15:34:57,244 - AlertAvailableSessions - INFO - Get Sessions Info
2024-07-28 15:35:00,005 - AlertAvailableSessions - INFO - Available Sessions: []
2024-07-28 15:35:00,005 - AlertAvailableSessions - WARNING - The new content is the same as the existing content. No file updates and e-mails did not sent.
2024-07-28 15:35:00,005 - AlertAvailableSessions - INFO - Sent Sessions List was cleared
2024-07-28 16:10:38,195 - AlertAvailableSessions - INFO - Web Driver was started
2024-07-28 16:10:38,196 - AlertAvailableSessions - INFO - AlertAvailableSessions bot started
2024-07-28 16:10:44,564 - AlertAvailableSessions - INFO - Login Successfully
2024-07-28 16:10:45,046 - AlertAvailableSessions - INFO - Seans Secim Buton was Clicked
2024-07-28 16:10:47,284 - AlertAvailableSessions - INFO - Pop-up was closed
2024-07-28 16:10:49,290 - AlertAvailableSessions - INFO - Get Sessions Info
2024-07-28 16:10:54,382 - AlertAvailableSessions - INFO - Available Sessions: []
2024-07-28 16:10:54,383 - AlertAvailableSessions - WARNING - The new content is the same as the existing content. No file updates and e-mails did not sent.
2024-07-28 16:10:54,383 - AlertAvailableSessions - INFO - Sent Sessions List was cleared
2024-07-28 16:11:19,751 - AlertAvailableSessions - INFO - Login Successfully
2024-07-28 16:11:20,212 - AlertAvailableSessions - INFO - Seans Secim Buton was Clicked
2024-07-28 16:11:22,452 - AlertAvailableSessions - INFO - Pop-up was closed
2024-07-28 16:11:24,473 - AlertAvailableSessions - INFO - Get Sessions Info
2024-07-28 16:11:27,458 - AlertAvailableSessions - INFO - Available Sessions: []
2024-07-28 16:11:27,458 - AlertAvailableSessions - WARNING - The new content is the same as the existing content. No file updates and e-mails did not sent.
2024-07-28 16:11:27,458 - AlertAvailableSessions - INFO - Sent Sessions List was cleared
2024-07-28 16:11:52,786 - AlertAvailableSessions - INFO - Login Successfully
2024-07-28 16:11:53,336 - AlertAvailableSessions - INFO - Seans Secim Buton was Clicked
2024-07-28 16:11:55,579 - AlertAvailableSessions - INFO - Pop-up was closed
2024-07-28 16:11:57,599 - AlertAvailableSessions - INFO - Get Sessions Info
2024-07-28 16:12:02,614 - AlertAvailableSessions - INFO - Available Sessions: []
2024-07-28 16:12:02,614 - AlertAvailableSessions - WARNING - The new content is the same as the existing content. No file updates and e-mails did not sent.
2024-07-28 16:12:02,614 - AlertAvailableSessions - INFO - Sent Sessions List was cleared
2024-07-28 16:12:28,026 - AlertAvailableSessions - INFO - Login Successfully
2024-07-28 16:12:28,522 - AlertAvailableSessions - INFO - Seans Secim Buton was Clicked
2024-07-28 16:12:30,772 - AlertAvailableSessions - INFO - Pop-up was closed
2024-07-28 16:12:32,782 - AlertAvailableSessions - INFO - Get Sessions Info
2024-07-28 16:12:37,795 - AlertAvailableSessions - INFO - Available Sessions: []
2024-07-28 16:12:37,795 - AlertAvailableSessions - WARNING - The new content is the same as the existing content. No file updates and e-mails did not sent.
2024-07-28 16:12:37,795 - AlertAvailableSessions - INFO - Sent Sessions List was cleared
2024-07-28 16:13:03,125 - AlertAvailableSessions - INFO - Login Successfully
2024-07-28 16:13:03,621 - AlertAvailableSessions - INFO - Seans Secim Buton was Clicked
2024-07-28 16:13:05,871 - AlertAvailableSessions - INFO - Pop-up was closed
2024-07-28 16:13:07,881 - AlertAvailableSessions - INFO - Get Sessions Info
2024-07-28 16:13:12,957 - AlertAvailableSessions - INFO - Available Sessions: []
2024-07-28 16:13:12,957 - AlertAvailableSessions - WARNING - The new content is the same as the existing content. No file updates and e-mails did not sent.
2024-07-28 16:13:12,957 - AlertAvailableSessions - INFO - Sent Sessions List was cleared
2024-07-28 16:40:03,677 - AlertAvailableSessions - INFO - Web Driver was started
2024-07-28 16:40:03,678 - AlertAvailableSessions - INFO - AlertAvailableSessions bot started
2024-07-28 16:40:14,791 - AlertAvailableSessions - INFO - Login Successfully
2024-07-28 16:40:15,358 - AlertAvailableSessions - INFO - Seans Secim Buton was Clicked
2024-07-28 16:40:17,591 - AlertAvailableSessions - INFO - Pop-up was closed
2024-07-28 16:40:19,608 - AlertAvailableSessions - INFO - Get Sessions Info
2024-07-28 16:40:24,085 - AlertAvailableSessions - INFO - Available Sessions: []
2024-07-28 16:40:24,085 - AlertAvailableSessions - WARNING - The new content is the same as the existing content. No file updates and e-mails did not sent.
2024-07-28 16:40:24,085 - AlertAvailableSessions - INFO - Sent Sessions List was cleared
2024-07-28 16:41:29,911 - AlertAvailableSessions - ERROR - Login failed: ('Connection aborted.', ConnectionResetError(10054, 'Varolan bir bağlantı uzaktaki bir ana bilgisayar tarafından zorla kapatıldı', None, 10054, None))
2024-07-28 16:41:36,358 - AlertAvailableSessions - INFO - Web Driver was started
2024-07-28 16:41:36,358 - AlertAvailableSessions - INFO - AlertAvailableSessions bot started
2024-07-28 16:41:42,708 - AlertAvailableSessions - INFO - Login Successfully
2024-07-28 16:41:43,163 - AlertAvailableSessions - INFO - Seans Secim Buton was Clicked
2024-07-28 16:41:45,398 - AlertAvailableSessions - INFO - Pop-up was closed
2024-07-28 16:41:47,415 - AlertAvailableSessions - INFO - Get Sessions Info
2024-07-28 16:41:52,101 - AlertAvailableSessions - INFO - Available Sessions: []
2024-07-28 16:41:52,101 - AlertAvailableSessions - WARNING - The new content is the same as the existing content. No file updates and e-mails did not sent.
2024-07-28 16:41:52,101 - AlertAvailableSessions - INFO - Sent Sessions List was cleared
2024-07-28 16:42:17,473 - AlertAvailableSessions - INFO - Login Successfully
2024-07-28 16:42:17,983 - AlertAvailableSessions - INFO - Seans Secim Buton was Clicked
2024-07-28 16:42:20,213 - AlertAvailableSessions - INFO - Pop-up was closed
2024-07-28 16:42:22,223 - AlertAvailableSessions - INFO - Get Sessions Info
2024-07-28 16:42:26,894 - AlertAvailableSessions - INFO - Available Sessions: []
2024-07-28 16:42:26,894 - AlertAvailableSessions - WARNING - The new content is the same as the existing content. No file updates and e-mails did not sent.
2024-07-28 16:42:26,894 - AlertAvailableSessions - INFO - Sent Sessions List was cleared
2024-08-03 23:15:00,459 - AlertAvailableSessions - INFO - Web Driver was started
2024-08-03 23:15:00,460 - AlertAvailableSessions - INFO - AlertAvailableSessions bot started
2024-08-03 23:15:11,416 - AlertAvailableSessions - INFO - Login Successfully
2024-08-03 23:15:12,114 - AlertAvailableSessions - INFO - Seans Secim Buton was Clicked
2024-08-03 23:15:14,161 - AlertAvailableSessions - INFO - Pop-up was closed
2024-08-03 23:15:16,176 - AlertAvailableSessions - INFO - Get Sessions Info
2024-08-03 23:15:18,466 - AlertAvailableSessions - INFO - Available Sessions: ['\nPazar\n04.08.2024\nHAVUZ\n59 60\nYer Var\n18:30 - 19:30\nErkek\n', '***************']
2024-08-03 23:15:18,467 - AlertAvailableSessions - INFO - Sent Sessions List was cleared
2024-08-03 23:15:24,239 - AlertAvailableSessions - INFO - Email sent successfully to gogsub58365@gmail.com
2024-08-03 23:20:02,922 - AlertAvailableSessions - INFO - Web Driver was started
2024-08-03 23:20:02,923 - AlertAvailableSessions - INFO - AlertAvailableSessions bot started
2024-08-03 23:20:10,674 - AlertAvailableSessions - INFO - Login Successfully
2024-08-03 23:20:12,272 - AlertAvailableSessions - INFO - Seans Secim Buton was Clicked
2024-08-03 23:20:14,337 - AlertAvailableSessions - INFO - Pop-up was closed
2024-08-03 23:20:16,356 - AlertAvailableSessions - INFO - Get Sessions Info
2024-08-03 23:20:18,650 - AlertAvailableSessions - INFO - Available Sessions: ['\nPazartesi\n05.08.2024\nHAVUZ\n60 60\nDolu\n12:30 - 13:30\nErkek\nHAVUZ\n59 60\nYer Var\n18:30 - 19:30\nErkek\nHAVUZ\n60 60\nDolu\n20:00 - 21:00\nErkek\n', '***************']
2024-08-03 23:20:18,651 - AlertAvailableSessions - INFO - Sent Sessions List was cleared
2024-08-03 23:20:24,187 - AlertAvailableSessions - INFO - Email sent successfully to gogsub58365@gmail.com
2024-08-03 23:20:46,196 - AlertAvailableSessions - INFO - Login Successfully
2024-08-03 23:20:46,709 - AlertAvailableSessions - INFO - Seans Secim Buton was Clicked
2024-08-03 23:20:48,769 - AlertAvailableSessions - INFO - Pop-up was closed
2024-08-03 23:20:50,779 - AlertAvailableSessions - INFO - Get Sessions Info
2024-08-03 23:20:53,122 - AlertAvailableSessions - INFO - Available Sessions: ['\nPazartesi\n05.08.2024\nHAVUZ\n60 60\nDolu\n12:30 - 13:30\nErkek\nHAVUZ\n59 60\nYer Var\n18:30 - 19:30\nErkek\nHAVUZ\n60 60\nDolu\n20:00 - 21:00\nErkek\n', '***************']
2024-08-03 23:20:53,123 - AlertAvailableSessions - WARNING - The new content is the same as the existing content. No file updates and e-mails did not sent.
2024-08-03 23:20:53,124 - AlertAvailableSessions - INFO - Sent Sessions List was cleared
2024-08-03 23:21:18,682 - AlertAvailableSessions - ERROR - Login failed: ('Connection aborted.', ConnectionResetError(10054, 'Varolan bir bağlantı uzaktaki bir ana bilgisayar tarafından zorla kapatıldı', None, 10054, None))
2024-08-03 23:50:09,366 - AlertAvailableSessions - INFO - Web Driver was started
2024-08-03 23:50:09,367 - AlertAvailableSessions - INFO - AlertAvailableSessions bot started
2024-08-03 23:50:15,953 - AlertAvailableSessions - INFO - Login Successfully
2024-08-03 23:50:16,386 - AlertAvailableSessions - INFO - Seans Secim Buton was Clicked
2024-08-03 23:50:18,439 - AlertAvailableSessions - INFO - Pop-up was closed
2024-08-03 23:50:20,459 - AlertAvailableSessions - INFO - Get Sessions Info
2024-08-03 23:50:22,796 - AlertAvailableSessions - INFO - Available Sessions: []
2024-08-03 23:50:22,796 - AlertAvailableSessions - INFO - Sent Sessions List was cleared
2024-08-03 23:50:22,797 - AlertAvailableSessions - WARNING - No sessions available, no email will be sent.
2024-08-03 23:57:53,212 - AlertAvailableSessions - INFO - Web Driver was started
2024-08-03 23:57:53,213 - AlertAvailableSessions - INFO - AlertAvailableSessions bot started
2024-08-03 23:59:46,322 - AlertAvailableSessions - INFO - Web Driver was started
2024-08-03 23:59:46,322 - AlertAvailableSessions - INFO - AlertAvailableSessions bot started
2024-08-04 00:00:49,730 - AlertAvailableSessions - INFO - Web Driver was started
2024-08-04 00:00:49,731 - AlertAvailableSessions - INFO - AlertAvailableSessions bot started
2024-08-04 00:02:19,670 - AlertAvailableSessions - INFO - Web Driver was started
2024-08-04 00:02:19,671 - AlertAvailableSessions - INFO - AlertAvailableSessions bot started
2024-08-04 00:02:25,538 - AlertAvailableSessions - ERROR - Login failed: ('Connection aborted.', ConnectionResetError(10054, 'Varolan bir bağlantı uzaktaki bir ana bilgisayar tarafından zorla kapatıldı', None, 10054, None))
2024-08-04 00:02:46,852 - AlertAvailableSessions - INFO - Web Driver was started
2024-08-04 00:02:46,853 - AlertAvailableSessions - INFO - AlertAvailableSessions bot started
2024-08-04 00:05:28,440 - AlertAvailableSessions - INFO - Web Driver was started
2024-08-04 00:05:28,441 - AlertAvailableSessions - INFO - AlertAvailableSessions bot started
2024-08-04 00:08:37,481 - AlertAvailableSessions - INFO - Web Driver was started
2024-08-04 00:08:37,482 - AlertAvailableSessions - INFO - AlertAvailableSessions bot started
2024-08-04 00:43:05,175 - AlertAvailableSessions - INFO - Web Driver was started
2024-08-04 00:43:05,176 - AlertAvailableSessions - INFO - AlertAvailableSessions bot started
2024-08-04 00:43:15,675 - AlertAvailableSessions - ERROR - Login failed: Message: no such window: target window already closed
from unknown error: web view not found
  (Session info: chrome=129.0.6628.3)
Stacktrace:
	GetHandleVerifier [0x00007FF60378BBD5+29493]
	(No symbol) [0x00007FF603701BE0]
	(No symbol) [0x00007FF6035BB02A]
	(No symbol) [0x00007FF60358FAD5]
	(No symbol) [0x00007FF60363DF57]
	(No symbol) [0x00007FF603656D11]
	(No symbol) [0x00007FF603636193]
	(No symbol) [0x00007FF6036005BD]
	(No symbol) [0x00007FF603601731]
	GetHandleVerifier [0x00007FF603AB004D+3323821]
	GetHandleVerifier [0x00007FF603AFC183+3635427]
	GetHandleVerifier [0x00007FF603AF1BE7+3593031]
	GetHandleVerifier [0x00007FF603847226+797062]
	(No symbol) [0x00007FF60370C7AF]
	(No symbol) [0x00007FF603708904]
	(No symbol) [0x00007FF603708A90]
	(No symbol) [0x00007FF6036F803F]
	BaseThreadInitThunk [0x00007FFD993D257D+29]
	RtlUserThreadStart [0x00007FFD99C6AF28+40]

2024-08-04 01:06:35,272 - AlertAvailableSessions - INFO - Web Driver was started
2024-08-04 01:06:35,273 - AlertAvailableSessions - INFO - AlertAvailableSessions bot started
2024-08-04 01:07:04,061 - AlertAvailableSessions - INFO - Web Driver was started
2024-08-04 01:07:04,062 - AlertAvailableSessions - INFO - AlertAvailableSessions bot started
2024-08-04 01:07:34,321 - AlertAvailableSessions - INFO - Web Driver was started
2024-08-04 01:07:34,321 - AlertAvailableSessions - INFO - AlertAvailableSessions bot started
2024-08-04 01:07:40,676 - AlertAvailableSessions - INFO - Login Successfully
2024-08-04 01:07:41,072 - AlertAvailableSessions - INFO - Seans Secim Buton was Clicked
2024-08-04 01:07:43,126 - AlertAvailableSessions - INFO - Pop-up was closed
2024-08-04 01:07:45,143 - AlertAvailableSessions - INFO - Get Sessions Info
2024-08-04 01:07:47,550 - AlertAvailableSessions - INFO - Available Sessions: []
2024-08-04 01:07:47,550 - AlertAvailableSessions - WARNING - The new content is the same as the existing content. No file updates and e-mails did not sent.
2024-08-04 01:07:47,550 - AlertAvailableSessions - INFO - Sent Sessions List was cleared
2024-08-04 01:45:51,158 - AlertAvailableSessions - INFO - Web Driver was started
2024-08-04 01:45:51,160 - AlertAvailableSessions - INFO - AlertAvailableSessions bot started
2024-08-04 01:46:24,191 - AlertAvailableSessions - INFO - Web Driver was started
2024-08-04 01:46:24,192 - AlertAvailableSessions - INFO - AlertAvailableSessions bot started
2024-08-04 01:47:29,966 - AlertAvailableSessions - INFO - Web Driver was started
2024-08-04 01:47:29,967 - AlertAvailableSessions - INFO - AlertAvailableSessions bot started
2024-08-04 01:48:12,180 - AlertAvailableSessions - INFO - Web Driver was started
2024-08-04 01:48:12,180 - AlertAvailableSessions - INFO - AlertAvailableSessions bot started
2024-08-04 01:48:44,925 - AlertAvailableSessions - INFO - Web Driver was started
2024-08-04 01:48:44,926 - AlertAvailableSessions - INFO - AlertAvailableSessions bot started
2024-08-04 01:49:13,171 - AlertAvailableSessions - INFO - Web Driver was started
2024-08-04 01:49:13,172 - AlertAvailableSessions - INFO - AlertAvailableSessions bot started
2024-08-04 01:49:53,052 - AlertAvailableSessions - INFO - Web Driver was started
2024-08-04 01:49:53,053 - AlertAvailableSessions - INFO - AlertAvailableSessions bot started
2024-08-04 01:50:09,505 - AlertAvailableSessions - INFO - Web Driver was started
2024-08-04 01:50:09,506 - AlertAvailableSessions - INFO - AlertAvailableSessions bot started
2024-08-04 02:03:54,322 - AlertAvailableSessions - INFO - Web Driver was started
2024-08-04 02:03:54,324 - AlertAvailableSessions - INFO - AlertAvailableSessions bot started
2024-08-04 02:04:01,815 - AlertAvailableSessions - INFO - Login Successfully
2024-08-04 02:04:02,265 - AlertAvailableSessions - INFO - Seans Secim Buton was Clicked
2024-08-04 02:04:04,494 - AlertAvailableSessions - INFO - Pop-up was closed
2024-08-04 02:04:06,498 - AlertAvailableSessions - INFO - Get Sessions Info
2024-08-04 02:04:11,381 - AlertAvailableSessions - INFO - Available Sessions: []
2024-08-04 02:04:11,382 - AlertAvailableSessions - WARNING - The new content is the same as the existing content. No file updates and e-mails did not sent.
2024-08-04 02:04:11,382 - AlertAvailableSessions - INFO - Sent Sessions List was cleared
2024-08-04 02:07:38,435 - AlertAvailableSessions - INFO - Web Driver was started
2024-08-04 02:07:38,436 - AlertAvailableSessions - INFO - AlertAvailableSessions bot started
2024-08-04 02:07:57,279 - AlertAvailableSessions - INFO - Web Driver was started
2024-08-04 02:07:57,280 - AlertAvailableSessions - INFO - AlertAvailableSessions bot started
2024-08-04 02:08:03,818 - AlertAvailableSessions - INFO - Login Successfully
2024-08-04 02:08:04,312 - AlertAvailableSessions - INFO - Seans Secim Buton was Clicked
2024-08-04 02:08:06,540 - AlertAvailableSessions - INFO - Pop-up was closed
2024-08-04 02:08:08,558 - AlertAvailableSessions - INFO - Get Sessions Info
2024-08-04 02:08:13,348 - AlertAvailableSessions - INFO - Available Sessions: []
2024-08-04 02:08:13,348 - AlertAvailableSessions - WARNING - The new content is the same as the existing content. No file updates and e-mails did not sent.
2024-08-04 02:08:13,348 - AlertAvailableSessions - INFO - Sent Sessions List was cleared
2024-08-04 02:49:29,197 - AlertAvailableSessions - INFO - Web Driver was started
2024-08-04 02:49:29,198 - AlertAvailableSessions - INFO - AlertAvailableSessions bot started
2024-08-04 02:49:37,010 - AlertAvailableSessions - INFO - Login Successfully
2024-08-04 02:49:37,387 - AlertAvailableSessions - INFO - Seans Secim Buton was Clicked
2024-08-04 02:49:39,451 - AlertAvailableSessions - INFO - Pop-up was closed
2024-08-04 02:49:41,462 - AlertAvailableSessions - INFO - Get Sessions Info
2024-08-04 02:49:43,851 - AlertAvailableSessions - INFO - Available Sessions: []
2024-08-04 02:49:43,851 - AlertAvailableSessions - WARNING - The new content is the same as the existing content. No file updates and e-mails did not sent.
2024-08-04 02:49:43,851 - AlertAvailableSessions - INFO - Sent Sessions List was cleared
