2024-04-06 13:49:05,476 - app - INFO - Method: write_data , Data: {'Delivery_Person_Age': 25, 'Order_Date': '2022-03-19', 'Time_Ordered': '11:30:00', 'Weather_Condition': 'Cloudy', 'Road_Traffic_Density': 'Low', 'Type_Of_Order': 'Meal', 'Type_Of_Vehicle': 'Car', 'Multiple_Deliveries': 0, 'City': 'Metropolitian', 'Time_Taken': 23, 'Distance': 18938, 'Day_Type': 'Weekday', 'Time_Category': 'Noon', 'Restaurant_Latitude': 22.745049, 'Restaurant_Longitude': 75.892471, 'Delivery_Location_Latitude': 22.765049, 'Delivery_Location_Longitude': 75.912471}, Data was written successful on KuryeNetData.csv file.
2024-04-06 13:49:10,541 - app - INFO - Method: predict, Data: {'Delivery_Person_Age': 18, 'Weather_Condition': 'Sunny', 'Road_Traffic_Density': 'Low', 'Type_Of_Order': 'Market', 'Type_Of_Vehicle': 'Motorcycle', 'Multiple_Deliveries': 0, 'City': 'Metropolitian', 'Distance': 18938, 'Day_Type': 'Weekday', 'Time_Category': 'Noon'}, Prediction Value: 24.917300896730385, Rounded: 25, Prediction request successful.
2024-04-06 13:49:23,374 - app - INFO - Method: write_data, Model: catboost_model2.cbm, Model has been retrained with All Data.
2024-04-06 13:51:07,035 - app - INFO - Method: verify_password, Username: admin, Basic Auth successful.
2024-04-06 13:51:07,076 - app - INFO - Method: predict, Data: {'Delivery_Person_Age': 18, 'Weather_Condition': 'Sunny', 'Road_Traffic_Density': 'Low', 'Type_Of_Order': 'Market', 'Type_Of_Vehicle': 'Motorcycle', 'Multiple_Deliveries': 0, 'City': 'Metropolitian', 'Distance': 18938, 'Day_Type': 'Weekday', 'Time_Category': 'Noon'}, Prediction Value: 25.43059749104513, Rounded: 25, Prediction request successful.
2024-04-06 13:51:47,544 - app - INFO - Method: verify_password, Username: admin, Password: admin, Basic Auth successful.
2024-04-06 13:51:47,576 - app - INFO - Method: predict, Data: {'Delivery_Person_Age': 18, 'Weather_Condition': 'Sunny', 'Road_Traffic_Density': 'Low', 'Type_Of_Order': 'Market', 'Type_Of_Vehicle': 'Motorcycle', 'Multiple_Deliveries': 0, 'City': 'Metropolitian', 'Distance': 18938, 'Day_Type': 'Weekday', 'Time_Category': 'Noon'}, Prediction Value: 25.43059749104513, Rounded: 25, Prediction request successful.
2024-04-06 13:51:52,638 - app - INFO - Method: verify_password, Username: admin, Password: admin, Basic Auth successful.
2024-04-06 13:51:52,641 - app - INFO - Method: write_data , Data: {'Delivery_Person_Age': 25, 'Order_Date': '2022-03-19', 'Time_Ordered': '11:30:00', 'Weather_Condition': 'Cloudy', 'Road_Traffic_Density': 'Low', 'Type_Of_Order': 'Meal', 'Type_Of_Vehicle': 'Car', 'Multiple_Deliveries': 0, 'City': 'Metropolitian', 'Time_Taken': 23, 'Distance': 18938, 'Day_Type': 'Weekday', 'Time_Category': 'Noon', 'Restaurant_Latitude': 22.745049, 'Restaurant_Longitude': 75.892471, 'Delivery_Location_Latitude': 22.765049, 'Delivery_Location_Longitude': 75.912471}, Data was written successful on KuryeNetData.csv file.
2024-04-06 13:51:56,595 - app - INFO - Method: verify_password, Username: admin, Password: admin, Basic Auth successful.
2024-04-06 13:52:01,962 - app - INFO - Method: retrain_model, Model: catboost_model2.cbm, Model has been retrained with All Data.
2024-04-06 23:14:03,153 - app - WARNING - Method: verify_password, Username: admin, Password: admingg, Basic Auth failed.
2024-04-06 23:14:24,024 - app - WARNING - Method: verify_password, Username: admin, Password: admingg, Basic Auth failed.
2024-04-06 23:14:34,801 - app - ERROR - Method: verify_password, Username: admin, Password: admingg, Basic Auth failed.
2024-04-06 23:14:42,069 - app - INFO - Method: verify_password, Username: admin, Password: admin, Basic Auth successful.
2024-04-06 23:14:42,143 - app - INFO - Method: predict, Data: {'Delivery_Person_Age': 18, 'Weather_Condition': 'Sunny', 'Road_Traffic_Density': 'Low', 'Type_Of_Order': 'Market', 'Type_Of_Vehicle': 'Motorcycle', 'Multiple_Deliveries': 0, 'City': 'Metropolitian', 'Distance': 18938, 'Day_Type': 'Weekday', 'Time_Category': 'Noon'}, Prediction Value: 24.75845940693018, Rounded: 25, Prediction request successful.
2024-04-07 00:50:37,823 - app - INFO - Method: verify_password, Username: admin, Password: admin, Basic Auth successful.
2024-04-07 00:50:37,941 - app - INFO - Method: predict, Data: {'Delivery_Person_Age': 18, 'Weather_Condition': 'Sunny', 'Road_Traffic_Density': 'Low', 'Type_Of_Order': 'Market', 'Type_Of_Vehicle': 'Motorcycle', 'Multiple_Deliveries': 0, 'City': 'Metropolitian', 'Distance': 18938, 'Day_Type': 'Weekday', 'Time_Category': 'Noon'}, Prediction Value: 24.75845940693018, Rounded: 25, Prediction request successful.
2024-04-07 01:00:15,906 - app - INFO - Method: verify_password, Username: admin, Password: admin, Basic Auth successful.
2024-04-07 01:00:15,972 - app - INFO - Method: predict, Data: {'Delivery_Person_Age': 18, 'Weather_Condition': 'Sunny', 'Road_Traffic_Density': 'Low', 'Type_Of_Order': 'Market', 'Type_Of_Vehicle': 'Motorcycle', 'Multiple_Deliveries': 0, 'City': 'Metropolitian', 'Distance': 18938, 'Day_Type': 'Weekday', 'Time_Category': 'Noon'}, Prediction Value: 24.75845940693018, Rounded: 25, Prediction request successful.
2024-04-07 03:59:16,197 - app - INFO - Method: verify_password, Username: admin, Password: admin, Basic Auth successful.
2024-04-07 03:59:16,418 - app - INFO - Method: predict, Data: {'Delivery_Person_Age': 18, 'Weather_Condition': 'Sunny', 'Road_Traffic_Density': 'Low', 'Type_Of_Order': 'Market', 'Type_Of_Vehicle': 'Motorcycle', 'Multiple_Deliveries': 0, 'City': 'Metropolitian', 'Distance': 18938, 'Day_Type': 'Weekday', 'Time_Category': 'Noon'}, Prediction Value: 24.75845940693018, Rounded: 25, Prediction request successful.
2024-04-07 04:23:06,920 - app - INFO - Method: verify_password, Username: admin, Password: admin, Basic Auth successful.
2024-04-07 04:23:07,041 - app - INFO - Method: write_data , Data: {'Delivery_Person_Age': 25, 'Order_Date': '2022-03-19', 'Time_Ordered': '11:30:00', 'Weather_Condition': 'Cloudy', 'Road_Traffic_Density': 'Low', 'Type_Of_Order': 'Meal', 'Type_Of_Vehicle': 'Car', 'Multiple_Deliveries': 0, 'City': 'Metropolitian', 'Time_Taken': 23, 'Distance': 18938, 'Day_Type': 'Weekday', 'Time_Category': 'Noon', 'Restaurant_Latitude': 22.745049, 'Restaurant_Longitude': 75.892471, 'Delivery_Location_Latitude': 22.765049, 'Delivery_Location_Longitude': 75.912471}, Data was written successful on KuryeNetData.csv file.
2024-04-07 14:43:41,191 - app - ERROR - Method: verify_password, Username: , Password: , Basic Auth failed.
2024-04-07 14:44:44,497 - app - ERROR - Method: verify_password, Username: , Password: , Basic Auth failed.
2024-04-07 14:45:04,012 - app - INFO - Method: verify_password, Username: admin, Password: admin, Basic Auth successful.
2024-04-07 14:45:04,105 - app - INFO - Method: predict, Data: {'distance': 1418, 'road_Traffic_Density': 'Low', 'multiple_Deliveries': 0, 'delivery_Person_Age': 24, 'weather_Condition': 'Clouds', 'city': 'Metropolitan', 'time_Category': 'Evening', 'type_Of_Order': 'Meal', 'type_Of_Vehicle': 'Motorcycle', 'day_Type': 'Weekend'}, Prediction Value: 19.584767915311467, Rounded: 20, Prediction request successful.
2024-04-07 14:49:18,633 - app - INFO - Method: verify_password, Username: admin, Password: admin, Basic Auth successful.
2024-04-07 14:49:18,710 - app - INFO - Method: predict, Data: {'weather_Condition': 'Clouds', 'delivery_Person_Age': 24, 'multiple_Deliveries': 0, 'road_Traffic_Density': 'Low', 'distance': 1418, 'city': 'Metropolitan', 'time_Category': 'Evening', 'day_Type': 'Weekend', 'type_Of_Vehicle': 'Motorcycle', 'type_Of_Order': 'Meal'}, Prediction Value: 19.584767915311467, Rounded: 20, Prediction request successful.
2024-04-07 14:50:46,655 - app - INFO - Method: verify_password, Username: admin, Password: admin, Basic Auth successful.
2024-04-07 14:50:46,690 - app - INFO - Method: predict, Data: {'weather_Condition': 'Clouds', 'delivery_Person_Age': 24, 'multiple_Deliveries': 0, 'road_Traffic_Density': 'Low', 'distance': 1418, 'city': 'Metropolitan', 'time_Category': 'Evening', 'day_Type': 'Weekend', 'type_Of_Vehicle': 'Motorcycle', 'type_Of_Order': 'Meal'}, Prediction Value: 20.450102189763488, Rounded: 20, Prediction request successful.
2024-04-07 14:55:59,757 - app - INFO - Method: verify_password, Username: admin, Password: admin, Basic Auth successful.
2024-04-07 14:55:59,801 - app - INFO - Method: predict, Data: {'weather_Condition': 'Clouds', 'delivery_Person_Age': 24, 'multiple_Deliveries': 0, 'road_Traffic_Density': 'Low', 'distance': 1418, 'city': 'Metropolitan', 'time_Category': 'Evening', 'day_Type': 'Weekend', 'type_Of_Vehicle': 'Motorcycle', 'type_Of_Order': 'Meal'}, Prediction Value: 20.450102189763488, Rounded: 20, Prediction request successful.
2024-04-07 14:56:49,042 - app - INFO - Method: verify_password, Username: admin, Password: admin, Basic Auth successful.
2024-04-07 14:56:49,069 - app - INFO - Method: predict, Data: {'weather_Condition': 'Clouds', 'delivery_Person_Age': 24, 'multiple_Deliveries': 0, 'road_Traffic_Density': 'Low', 'distance': 1418, 'city': 'Metropolitan', 'time_Category': 'Evening', 'day_Type': 'Weekend', 'type_Of_Vehicle': 'Motorcycle', 'type_Of_Order': 'Meal'}, Prediction Value: 20.450102189763488, Rounded: 20, Prediction request successful.
2024-04-07 14:57:35,135 - app - INFO - Method: verify_password, Username: admin, Password: admin, Basic Auth successful.
2024-04-07 14:57:35,172 - app - INFO - Method: predict, Data: {'weather_Condition': 'Clouds', 'delivery_Person_Age': 24, 'multiple_Deliveries': 0, 'road_Traffic_Density': 'Low', 'distance': 1418, 'city': 'Metropolitan', 'time_Category': 'Evening', 'day_Type': 'Weekend', 'type_Of_Vehicle': 'Motorcycle', 'type_Of_Order': 'Meal'}, Prediction Value: 20.450102189763488, Rounded: 20, Prediction request successful.
2024-04-07 14:58:17,040 - app - INFO - Method: verify_password, Username: admin, Password: admin, Basic Auth successful.
2024-04-07 14:58:17,082 - app - INFO - Method: predict, Data: {'weather_Condition': 'Clouds', 'delivery_Person_Age': 24, 'multiple_Deliveries': 0, 'road_Traffic_Density': 'Low', 'distance': 1418, 'city': 'Metropolitan', 'time_Category': 'Evening', 'day_Type': 'Weekend', 'type_Of_Vehicle': 'Motorcycle', 'type_Of_Order': 'Meal'}, Prediction Value: 20.450102189763488, Rounded: 20, Prediction request successful.
2024-04-07 14:58:45,567 - app - INFO - Method: verify_password, Username: admin, Password: admin, Basic Auth successful.
2024-04-07 14:58:45,598 - app - INFO - Method: predict, Data: {'weather_Condition': 'Clouds', 'delivery_Person_Age': 24, 'multiple_Deliveries': 0, 'road_Traffic_Density': 'Low', 'distance': 1418, 'city': 'Metropolitan', 'time_Category': 'Evening', 'day_Type': 'Weekend', 'type_Of_Vehicle': 'Motorcycle', 'type_Of_Order': 'Meal'}, Prediction Value: 20.450102189763488, Rounded: 20, Prediction request successful.
2024-04-07 14:58:55,542 - app - INFO - Method: verify_password, Username: admin, Password: admin, Basic Auth successful.
2024-04-07 14:58:55,571 - app - INFO - Method: predict, Data: {'weather_Condition': 'Clouds', 'delivery_Person_Age': 24, 'multiple_Deliveries': 0, 'road_Traffic_Density': 'Low', 'distance': 1418, 'city': 'Metropolitan', 'time_Category': 'Evening', 'day_Type': 'Weekend', 'type_Of_Vehicle': 'Motorcycle', 'type_Of_Order': 'Meal'}, Prediction Value: 20.450102189763488, Rounded: 20, Prediction request successful.
2024-04-07 15:03:49,289 - app - INFO - Method: verify_password, Username: admin, Password: admin, Basic Auth successful.
2024-04-07 15:03:49,320 - app - INFO - Method: predict, Data: {'weather_Condition': 'Clouds', 'delivery_Person_Age': 24, 'multiple_Deliveries': 0, 'road_Traffic_Density': 'Low', 'distance': 1418, 'city': 'Metropolitan', 'time_Category': 'Evening', 'day_Type': 'Weekend', 'type_Of_Vehicle': 'Motorcycle', 'type_Of_Order': 'Meal'}, Prediction Value: 20.450102189763488, Rounded: 20, Prediction request successful.
2024-04-07 15:07:34,190 - app - INFO - Method: verify_password, Username: admin, Password: admin, Basic Auth successful.
2024-04-07 15:07:34,237 - app - INFO - Method: predict, Data: {'distance': 1418, 'city': 'Metropolitan', 'type_Of_Order': 'Meal', 'time_Category': 'Evening', 'type_Of_Vehicle': 'Motorcycle', 'day_Type': 'Weekend', 'weather_Condition': 'Clouds', 'delivery_Person_Age': 24, 'multiple_Deliveries': 0, 'road_Traffic_Density': 'Low'}, Prediction Value: 20.450102189763488, Rounded: 20, Prediction request successful.
2024-04-07 15:23:58,502 - app - INFO - Method: verify_password, Username: admin, Password: admin, Basic Auth successful.
2024-04-07 15:23:58,550 - app - INFO - Method: predict, Data: {'type_Of_Order': 'Meal', 'type_Of_Vehicle': 'Motorcycle', 'day_Type': 'Weekend', 'time_Category': 'Evening', 'distance': 1418, 'city': 'Metropolitan', 'road_Traffic_Density': 'Low', 'multiple_Deliveries': 0, 'delivery_Person_Age': 24, 'weather_Condition': 'Clouds'}, Prediction Value: 20.450102189763488, Rounded: 20, Prediction request successful.
2024-04-09 23:17:29,801 - app - INFO - Method: verify_password, Username: admin, Password: admin, Basic Auth successful.
2024-04-09 23:17:29,898 - app - INFO - Method: predict, Data: {'Delivery_Person_Age': 18, 'Weather_Condition': 'Sunny', 'Road_Traffic_Density': 'Low', 'Type_Of_Order': 'Market', 'Type_Of_Vehicle': 'Motorcycle', 'Multiple_Deliveries': 0, 'City': 'Metropolitian', 'Distance': 18938, 'Day_Type': 'Weekday', 'Time_Category': 'Noon'}, Prediction Value: 19.584767915311467, Rounded: 20, Prediction request successful.
2024-04-09 23:17:32,142 - app - INFO - Method: verify_password, Username: admin, Password: admin, Basic Auth successful.
2024-04-09 23:17:32,191 - app - INFO - Method: predict, Data: {'Delivery_Person_Age': 18, 'Weather_Condition': 'Sunny', 'Road_Traffic_Density': 'Low', 'Type_Of_Order': 'Market', 'Type_Of_Vehicle': 'Motorcycle', 'Multiple_Deliveries': 0, 'City': 'Metropolitian', 'Distance': 18938, 'Day_Type': 'Weekday', 'Time_Category': 'Noon'}, Prediction Value: 19.584767915311467, Rounded: 20, Prediction request successful.
2024-04-10 04:18:08,587 - app - INFO - Method: verify_password, Username: admin, Password: admin, Basic Auth successful.
2024-04-10 04:18:08,615 - app - INFO - Method: predict, Data: {'Delivery_Person_Age': 18, 'Weather_Condition': 'Sunny', 'Road_Traffic_Density': 'Low', 'Type_Of_Order': 'Market', 'Type_Of_Vehicle': 'Motorcycle', 'Multiple_Deliveries': 0, 'City': 'Metropolitian', 'Distance': 18938, 'Day_Type': 'Weekday', 'Time_Category': 'Noon'}, Prediction Value: 19.584767915311467, Rounded: 20, Prediction request successful.
2024-04-09 23:18:43,195 - app - INFO - Method: verify_password, Username: admin, Password: admin, Basic Auth successful.
2024-04-09 23:18:43,231 - app - INFO - Method: predict, Data: {'Delivery_Person_Age': 18, 'Weather_Condition': 'Sunny', 'Road_Traffic_Density': 'Low', 'Type_Of_Order': 'Market', 'Type_Of_Vehicle': 'Motorcycle', 'Multiple_Deliveries': 0, 'City': 'Metropolitian', 'Distance': 18938, 'Day_Type': 'Weekday', 'Time_Category': 'Noon'}, Prediction Value: 19.584767915311467, Rounded: 20, Prediction request successful.
2024-04-10 01:40:53,614 - app - INFO - Method: verify_password, Username: admin, Password: admin, Basic Auth successful.
2024-04-10 01:40:53,619 - app - INFO - Method: write_data , Data: {'time_Ordered': '22:00:41', 'time_Category': 'Night', 'type_Of_Order': 'Meal', 'time_Taken': 23, 'day_Type': 'Weekday', 'type_Of_Vehicle': 'Motorcycle', 'order_Date': '2024-04-08', 'distance': 1418, 'weather_Condition': 'Clear', 'multiple_Deliveries': 0, 'delivery_Location_Latitude': 38.67524146655394, 'road_Traffic_Density': 'Low', 'restaurant_Longitude': 27.425327, 'delivery_Location_Longitude': 27.306219610565805, 'delivery_Person_Age': 24, 'restaurant_Latitude': 38.6159848, 'city': 'Metropolitan'}, Data was written successful on KuryeNetData.csv file.
2024-04-10 01:51:24,748 - app - INFO - Method: verify_password, Username: admin, Password: admin, Basic Auth successful.
2024-04-10 01:51:24,752 - app - INFO - Method: write_data , Data: {'Delivery_Person_Age': 25, 'Order_Date': '2022-03-19', 'Time_Ordered': '11:30:00', 'Weather_Condition': 'Cloudy', 'Road_Traffic_Density': 'Low', 'Type_Of_Order': 'Meal', 'Type_Of_Vehicle': 'Car', 'Multiple_Deliveries': 0, 'City': 'Metropolitian', 'Time_Taken': 23, 'Distance': 18938, 'Day_Type': 'Weekday', 'Time_Category': 'Noon', 'Restaurant_Latitude': 22.745049, 'Restaurant_Longitude': 75.892471, 'Delivery_Location_Latitude': 22.765049, 'Delivery_Location_Longitude': 75.912471}, Data was written successful on KuryeNetData.csv file.
2024-04-10 01:56:17,434 - app - INFO - Method: verify_password, Username: admin, Password: admin, Basic Auth successful.
2024-04-10 01:56:17,436 - app - INFO - Method: write_data , Data: {'time_Ordered': '22:00:41', 'time_Category': 'Night', 'type_Of_Order': 'Meal', 'time_Taken': 23, 'day_Type': 'Weekday', 'type_Of_Vehicle': 'Motorcycle', 'order_Date': '2024-04-08', 'distance': 1418, 'weather_Condition': 'Clear', 'multiple_Deliveries': 0, 'delivery_Location_Latitude': 38.67524146655394, 'road_Traffic_Density': 'Low', 'restaurant_Longitude': 27.425327, 'delivery_Location_Longitude': 27.306219610565805, 'delivery_Person_Age': 24, 'restaurant_Latitude': 38.6159848, 'city': 'Metropolitan'}, Data was written successful on KuryeNetData.csv file.
2024-04-10 01:59:00,099 - app - INFO - Method: verify_password, Username: admin, Password: admin, Basic Auth successful.
2024-04-10 01:59:00,102 - app - INFO - Method: write_data , Data: {'delivery_Person_Age': 24, 'order_Date': '2024-04-08', 'time_Ordered': '22:00:41', 'weather_Condition': 'Clear', 'road_Traffic_Density': 'Low', 'type_Of_Order': 'Meal', 'type_Of_Vehicle': 'Motorcycle', 'multiple_Deliveries': 0, 'city': 'Metropolitan', 'time_Taken': 23, 'distance': 1418, 'day_Type': 'Weekday', 'time_Category': 'Night', 'restaurant_Latitude': 38.6159848, 'restaurant_Longitude': 27.425327, 'delivery_Location_Latitude': 38.67524146655394, 'delivery_Location_Longitude': 27.306219610565805}, Data was written successful on KuryeNetData.csv file.
2024-04-10 02:03:31,338 - app - INFO - Method: verify_password, Username: admin, Password: admin, Basic Auth successful.
2024-04-10 02:03:37,510 - app - INFO - Method: retrain_model, Model: catboost_model2.cbm, Model has been retrained with All Data.
2024-04-10 02:04:48,282 - app - INFO - Method: verify_password, Username: admin, Password: admin, Basic Auth successful.
2024-04-10 02:04:53,731 - app - INFO - Method: retrain_model, Model: catboost_model2.cbm, Model has been retrained with All Data.
2024-04-10 02:15:09,048 - app - INFO - Method: verify_password, Username: admin, Password: admin, Basic Auth successful.
2024-04-10 02:15:09,050 - app - INFO - Method: write_data , Data: {'delivery_Person_Age': 24, 'order_Date': '2024-04-08', 'time_Ordered': '22:00:41', 'weather_Condition': 'Clear', 'road_Traffic_Density': 'Low', 'type_Of_Order': 'Meal', 'type_Of_Vehicle': 'Motorcycle', 'multiple_Deliveries': 0, 'city': 'Metropolitan', 'time_Taken': 23, 'distance': 1418, 'day_Type': 'Weekday', 'time_Category': 'Night', 'restaurant_Latitude': 38.6159848, 'restaurant_Longitude': 27.425327, 'delivery_Location_Latitude': 38.67524146655394, 'delivery_Location_Longitude': 27.306219610565805}, Data was written successful on KuryeNetData.csv file.
2024-04-10 02:16:10,809 - app - INFO - Method: verify_password, Username: admin, Password: admin, Basic Auth successful.
2024-04-10 02:16:16,703 - app - INFO - Method: retrain_model, Model: catboost_model.cbm, Model has been retrained with KaggleData.csv.
2024-04-10 02:16:59,963 - app - INFO - Method: verify_password, Username: admin, Password: admin, Basic Auth successful.
2024-04-10 02:17:05,585 - app - INFO - Method: retrain_model, Model: catboost_model.cbm, Model has been retrained with KaggleData.csv.
2024-04-10 02:17:58,730 - app - INFO - Method: verify_password, Username: admin, Password: admin, Basic Auth successful.
2024-04-10 02:18:04,569 - app - INFO - Method: retrain_model, Model: catboost_model.cbm, Model has been retrained with KaggleData.csv.
2024-04-10 02:19:18,828 - app - INFO - Method: verify_password, Username: admin, Password: admin, Basic Auth successful.
2024-04-10 02:19:18,829 - app - INFO - Method: write_data , Data: {'delivery_Person_Age': 24, 'order_Date': '2024-04-08', 'time_Ordered': '22:00:41', 'weather_Condition': 'Clear', 'road_Traffic_Density': 'Low', 'type_Of_Order': 'Meal', 'type_Of_Vehicle': 'Motorcycle', 'multiple_Deliveries': 0, 'city': 'Metropolitan', 'time_Taken': 23, 'distance': 1418, 'day_Type': 'Weekday', 'time_Category': 'Night', 'restaurant_Latitude': 38.6159848, 'restaurant_Longitude': 27.425327, 'delivery_Location_Latitude': 38.67524146655394, 'delivery_Location_Longitude': 27.306219610565805}, Data was written successful on KuryeNetData.csv file.
2024-04-10 02:20:34,291 - app - INFO - Method: verify_password, Username: admin, Password: admin, Basic Auth successful.
2024-04-10 02:20:34,313 - app - INFO - Method: predict, Data: {'time_Category': 'Night', 'type_Of_Order': 'Meal', 'day_Type': 'Weekday', 'type_Of_Vehicle': 'Motorcycle', 'distance': 1418, 'weather_Condition': 'Clear', 'multiple_Deliveries': 0, 'road_Traffic_Density': 'Low', 'delivery_Person_Age': 24, 'city': 'Metropolitan'}, Prediction Value: 17.872821024159833, Rounded: 18, Prediction request successful.
2024-04-10 02:23:58,309 - app - INFO - Method: verify_password, Username: admin, Password: admin, Basic Auth successful.
2024-04-10 02:23:58,311 - app - INFO - Method: write_data , Data: {'delivery_Person_Age': 24, 'order_Date': '2024-04-08', 'time_Ordered': '22:00:41', 'weather_Condition': 'Clear', 'road_Traffic_Density': 'Low', 'type_Of_Order': 'Meal', 'type_Of_Vehicle': 'Motorcycle', 'multiple_Deliveries': 0, 'city': 'Metropolitan', 'time_Taken': 23, 'distance': 1418, 'day_Type': 'Weekday', 'time_Category': 'Night', 'restaurant_Latitude': 38.6159848, 'restaurant_Longitude': 27.425327, 'delivery_Location_Latitude': 38.67524146655394, 'delivery_Location_Longitude': 27.306219610565805}, Data was written successful on KuryeNetData.csv file.
2024-04-10 03:58:28,401 - app - INFO - Method: verify_password, Username: admin, Password: admin, Basic Auth successful.
2024-04-10 03:58:28,424 - app - INFO - Method: write_data , Data: {'delivery_Person_Age': 24, 'order_Date': '2024-04-10', 'time_Ordered': '03:22:04', 'weather_Condition': 'Clear', 'road_Traffic_Density': None, 'type_Of_Order': 'Meal', 'type_Of_Vehicle': 'Motorcycle', 'multiple_Deliveries': 0, 'city': 'Metropolitan', 'time_Taken': 23, 'distance': 0, 'day_Type': 'Holiday', 'time_Category': 'Night', 'restaurant_Latitude': 38.6159848, 'restaurant_Longitude': 27.425327, 'delivery_Location_Latitude': 38.67524146655394, 'delivery_Location_Longitude': 27.306219610565805}, Data was written successful on KuryeNetData.csv file.
2024-04-10 04:00:01,170 - app - INFO - Method: verify_password, Username: admin, Password: admin, Basic Auth successful.
2024-04-10 04:00:01,172 - app - INFO - Method: write_data , Data: {'delivery_Person_Age': 24, 'order_Date': '2024-04-10', 'time_Ordered': '03:22:04', 'weather_Condition': 'Clear', 'road_Traffic_Density': 'Low', 'type_Of_Order': 'Meal', 'type_Of_Vehicle': 'Motorcycle', 'multiple_Deliveries': 0, 'city': 'Metropolitan', 'time_Taken': 23, 'distance': 1418, 'day_Type': 'Holiday', 'time_Category': 'Night', 'restaurant_Latitude': 38.6159848, 'restaurant_Longitude': 27.425327, 'delivery_Location_Latitude': 38.67524146655394, 'delivery_Location_Longitude': 27.306219610565805}, Data was written successful on KuryeNetData.csv file.
2024-04-10 04:01:33,578 - app - INFO - Method: verify_password, Username: admin, Password: admin, Basic Auth successful.
2024-04-10 04:01:33,580 - app - INFO - Method: write_data , Data: {'delivery_Person_Age': 24, 'order_Date': '2024-04-10', 'time_Ordered': '03:22:04', 'weather_Condition': 'Clear', 'road_Traffic_Density': 'Low', 'type_Of_Order': 'Meal', 'type_Of_Vehicle': 'Motorcycle', 'multiple_Deliveries': 0, 'city': 'Metropolitan', 'time_Taken': 39, 'distance': 1418, 'day_Type': 'Holiday', 'time_Category': 'Night', 'restaurant_Latitude': 38.6159848, 'restaurant_Longitude': 27.425327, 'delivery_Location_Latitude': 38.67524146655394, 'delivery_Location_Longitude': 27.306219610565805}, Data was written successful on KuryeNetData.csv file.
